227973
219205
218053
217345
147699
220862
221280
220120
221985
220352
219709
219627
220157
222846
145519
219506
220469
147356
221606
218632
219079
214862
215242
219382
144346
216650
223423
221720
145879
145896
146537
217956
226176
220564
221664
216671
218298
218608
145993
220904
221168
73577
216401
219598
148827
146456
216318
218168
216435
220462
216821
216426
222448
217847
148395
223918
219890
218090
223647
222062
221549
220167
148893
218643
220231
220552
217652
148429
215907
220315
216330
74867
220046
215745
220445
220932
220864
221166
145196
217895
218332
218105
219029
219948
222636
143526
219042
146477
218191
220359
76205
146403
219545
148385
222848
222719
217604
149151
145693
219730
