130288
12094
107951
98691
175696
91337
23561
124206
97509
123885
104565
66128
39426
175428
43725
188925
16526
99716
132395
35955
54188
138551
20040
57256
130801
116926
172778
94439
35118
27847
213714
150317
42397
158919
172769
206138
51272
76194
177303
38236
155225
114761
188906
88251
9210
39754
90547
219144
121657
69188
68164
63839
124368
8230
165485
66472
88580
43787
149840
66877
28991
2134
107980
107051
97051
105729
102469
71457
16899
32454
108352
191216
30735
186614
29382
106081
96949
34232
215803
201892
42499
113691
32631
11395
117612
126975
90259
59655
96772
134230
52082
157818
95215
57709
211370
19288
140956
28190
151691
48593
113637
54116
65609
-1
72823
188465
29539
188655
106556
67506
23390
133839
201160
32547
104061
116604
170327
95426
154122
18249
128540
187805
8555
172173
66454
44814
47038
202907
46352
176149
136187
49314
60814
43678
70365
121120
191901
160397
36983
131714
184003
59218
113204
100410
110831
212171
127912
141550
24412
169945
50855
105894
94636
56776
44869
158206
184757
189788
209174
50125
68445
156073
12418
-1
209294
112130
75231
14449
11071
158519
5744
27090
147276
142280
97684
65647
5169
111301
64300
61895
90897
118163
106296
142601
89113
152171
85054
34798
131895
158240
134854
117540
104843
15449
123775
9139
86939
104421
96531
133828
21521
11088
27561
139671
60969
27018
153149
133273
190462
41712
184547
193085
136108
49580
57575
111073
81983
27646
133970
63924
36124
173488
96238
30021
44975
46324
178274
83787
199346
101654
188283
25575
59538
171493
161002
74502
164910
190089
97856
6093
197031
47069
16302
148531
111561
31778
31299
29893
174231
120909
94900
109199
218253
185489
150283
198609
174891
90178
108469
75034
33195
135946
27778
172501
126015
97794
98544
86444
28237
58338
11349
79058
12381
186826
89219
145760
107510
76268
183427
39477
122635
80630
120144
161831
28479
7507
117283
22927
73130
165851
138253
173361
24887
197189
138900
40700
68231
92109
181959
173368
140814
73700
145217
71885
110530
145430
201735
188988
126500
22331
196159
211952
203459
56604
52564
177458
48747
11693
86539
69295
34537
107697
40845
158724
30878
86596
184375
93081
124084
126897
57430
187872
211998
186669
113332
50199
77000
28076
122923
84872
99440
65711
63048
74340
144162
126636
216949
104239
103836
194854
6607
122238
65234
1701
7122
204845
119432
82852
31321
43046
28851
15087
3011
82070
132890
36963
29056
26207
76929
105117
104840
159122
20927
108513
55558
85845
49128
179766
27412
172667
16498
138370
112991
175168
153059
86560
69914
5669
122740
13026
188599
86304
49608
126739
166359
177326
19721
120949
26287
220515
136298
5241
129743
73964
20390
169522
42519
147890
78837
155287
173137
100688
68433
6190
104531
145967
36559
108979
7912
45240
186281
115139
42319
182854
53849
117230
62886
204771
51468
187056
5745
66365
111582
150423
200841
165651
91472
140914
134678
103678
12871
23186
39602
43839
127004
104450
155319
54281
191945
155679
40336
96063
45614
113388
13544
96303
125298
99932
35630
16707
92856
191937
52068
219298
10641
25674
137751
114935
23397
20502
170449
1591
142951
32225
38884
35542
129332
119232
41064
52754
159774
199598
103833
56369
182394
133373
22284
149480
202564
50839
69527
213497
46869
90170
29365
68255
138262
95376
53960
9520
